{
  "substrate": "Lignin (SP-LCC)",
  "source": "Alopaeus et al. 2025, Scientific Data, doi:10.1038/s41597-025-05327-8",
  "n": 72,
  "spearman_bO4_vs_Pfactor": -0.7843,
  "linear_P": {
    "severity_axis": "linear-P",
    "winner_by_AICc": "Logistic",
    "models": {
      "Logistic": {
        "AICc": -259.27,
        "R2": 0.703,
        "a_hat": 0.212,
        "k_or_shape": 4.84
      },
      "Gompertz": {
        "AICc": -259.12,
        "R2": 0.703,
        "a_hat": 0.101,
        "k_or_shape": 3.28
      },
      "Hill": {
        "AICc": -235.98,
        "R2": 0.59,
        "a_hat": 0.0,
        "k_or_shape": 0.41
      },
      "Weibull": {
        "AICc": -235.98,
        "R2": 0.59,
        "a_hat": 0.0,
        "k_or_shape": 0.42
      }
    }
  },
  "log_P": {
    "severity_axis": "log-P (Kraft severity is a log time-temperature integral)",
    "winner_by_AICc": "Logistic",
    "models": {
      "Logistic": {
        "AICc": -258.92,
        "R2": 0.702,
        "a_hat": 0.407,
        "k_or_shape": 3.1
      },
      "Gompertz": {
        "AICc": -258.65,
        "R2": 0.701,
        "a_hat": 0.307,
        "k_or_shape": 1.7
      },
      "Hill": {
        "AICc": -235.73,
        "R2": 0.588,
        "a_hat": 0.0,
        "k_or_shape": 0.53
      },
      "Weibull": {
        "AICc": -235.73,
        "R2": 0.588,
        "a_hat": 0.0,
        "k_or_shape": 0.53
      }
    }
  },
  "note": "Lignin form is physically FIXED = Weibull Mode (ii), serial-cascaded weakest-link (phenolic b-O-4 breaks well before non-phenolic / 5-5). A free AICc form-contest is NOT decisive here: forcing a logistic shape imposes an inflection the data do not carry. The fixed-form Weibull fit (weibull_ahat.py, same n=72) gives m ~ 0.49 (< 1), concave from the origin -> NO interior a_hat: the broad b-O-4 strength distribution already yields at the smallest dose (Woehler creep side, no endurance limit). Reported headline: rho_S = -0.78 (axis-free, Spearman b-O-4 vs P-factor). The free-fit a_hat ~ 0.21/0.42 are form artefacts, not reported findings; the earlier a_hat=0.325, k=2.86 (lost n=90 module) does not reproduce."
}